# JRE version: OpenJDK Runtime Environment (8.0_242-b01) (build 1.8.0_242-release-1644-b01)
# Java VM: OpenJDK 64-Bit Server VM (25.242-b01 mixed mode windows-amd64 compressed oops)
Heap:
 PSYoungGen      total 572416K, used 180103K [0x00000000d5580000, 0x00000000fe200000, 0x0000000100000000)
  eden space 555520K, 29% used [0x00000000d5580000,0x00000000df555d90,0x00000000f7400000)
  from space 16896K, 97% used [0x00000000f8b00000,0x00000000f9b0c240,0x00000000f9b80000)
  to   space 56320K, 0% used [0x00000000fab00000,0x00000000fab00000,0x00000000fe200000)
 ParOldGen       total 310272K, used 105470K [0x0000000080000000, 0x0000000092f00000, 0x00000000d5580000)
  object space 310272K, 33% used [0x0000000080000000,0x00000000866ffa08,0x0000000092f00000)
 Metaspace       used 143384K, capacity 151220K, committed 151576K, reserved 1181696K
  class space    used 18290K, capacity 19650K, committed 19752K, reserved 1048576K
GC Heap History (10 events):
Event: 4608.129 GC heap before
{Heap before GC invocations=31 (full 6):
 PSYoungGen      total 648192K, used 256K [0x00000000d5580000, 0x00000000ff900000, 0x0000000100000000)
  eden space 604672K, 0% used [0x00000000d5580000,0x00000000d5580000,0x00000000fa400000)
  from space 43520K, 0% used [0x00000000fa400000,0x00000000fa440000,0x00000000fce80000)
  to   space 43520K, 0% used [0x00000000fce80000,0x00000000fce80000,0x00000000ff900000)
 ParOldGen       total 310272K, used 173262K [0x0000000080000000, 0x0000000092f00000, 0x00000000d5580000)
  object space 310272K, 55% used [0x0000000080000000,0x000000008a933a98,0x0000000092f00000)
 Metaspace       used 112339K, capacity 118686K, committed 119320K, reserved 1153024K
  class space    used 14562K, capacity 15728K, committed 15912K, reserved 1048576K
Event: 4608.424 GC heap after
Heap after GC invocations=31 (full 6):
 PSYoungGen      total 648192K, used 0K [0x00000000d5580000, 0x00000000ff900000, 0x0000000100000000)
  eden space 604672K, 0% used [0x00000000d5580000,0x00000000d5580000,0x00000000fa400000)
  from space 43520K, 0% used [0x00000000fa400000,0x00000000fa400000,0x00000000fce80000)
  to   space 43520K, 0% used [0x00000000fce80000,0x00000000fce80000,0x00000000ff900000)
 ParOldGen       total 310272K, used 45118K [0x0000000080000000, 0x0000000092f00000, 0x00000000d5580000)
  object space 310272K, 14% used [0x0000000080000000,0x0000000082c0f8d8,0x0000000092f00000)
 Metaspace       used 107826K, capacity 112318K, committed 119320K, reserved 1153024K
  class space    used 13845K, capacity 14650K, committed 15912K, reserved 1048576K
}
Event: 5091.068 GC heap before
{Heap before GC invocations=32 (full 6):
 PSYoungGen      total 648192K, used 604672K [0x00000000d5580000, 0x00000000ff900000, 0x0000000100000000)
  eden space 604672K, 100% used [0x00000000d5580000,0x00000000fa400000,0x00000000fa400000)
  from space 43520K, 0% used [0x00000000fa400000,0x00000000fa400000,0x00000000fce80000)
  to   space 43520K, 0% used [0x00000000fce80000,0x00000000fce80000,0x00000000ff900000)
 ParOldGen       total 310272K, used 45118K [0x0000000080000000, 0x0000000092f00000, 0x00000000d5580000)
  object space 310272K, 14% used [0x0000000080000000,0x0000000082c0f8d8,0x0000000092f00000)
 Metaspace       used 130998K, capacity 136784K, committed 138904K, reserved 1169408K
  class space    used 16945K, capacity 17972K, committed 18344K, reserved 1048576K
Event: 5091.113 GC heap after
Heap after GC invocations=32 (full 6):
 PSYoungGen      total 632832K, used 43488K [0x00000000d5580000, 0x0000000100000000, 0x0000000100000000)
  eden space 589312K, 0% used [0x00000000d5580000,0x00000000d5580000,0x00000000f9500000)
  from space 43520K, 99% used [0x00000000fce80000,0x00000000ff8f83a8,0x00000000ff900000)
  to   space 54784K, 0% used [0x00000000f9500000,0x00000000f9500000,0x00000000fca80000)
 ParOldGen       total 310272K, used 54739K [0x0000000080000000, 0x0000000092f00000, 0x00000000d5580000)
  object space 310272K, 17% used [0x0000000080000000,0x0000000083574e68,0x0000000092f00000)
 Metaspace       used 130998K, capacity 136784K, committed 138904K, reserved 1169408K
  class space    used 16945K, capacity 17972K, committed 18344K, reserved 1048576K
}
Event: 5094.494 GC heap before
{Heap before GC invocations=33 (full 6):
 PSYoungGen      total 632832K, used 632800K [0x00000000d5580000, 0x0000000100000000, 0x0000000100000000)
  eden space 589312K, 100% used [0x00000000d5580000,0x00000000f9500000,0x00000000f9500000)
  from space 43520K, 99% used [0x00000000fce80000,0x00000000ff8f83a8,0x00000000ff900000)
  to   space 54784K, 0% used [0x00000000f9500000,0x00000000f9500000,0x00000000fca80000)
 ParOldGen       total 310272K, used 54739K [0x0000000080000000, 0x0000000092f00000, 0x00000000d5580000)
  object space 310272K, 17% used [0x0000000080000000,0x0000000083574e68,0x0000000092f00000)
 Metaspace       used 133906K, capacity 139744K, committed 141592K, reserved 1171456K
  class space    used 17315K, capacity 18378K, committed 18728K, reserved 1048576K
Event: 5094.511 GC heap after
Heap after GC invocations=33 (full 6):
 PSYoungGen      total 644096K, used 6721K [0x00000000d5580000, 0x0000000100000000, 0x0000000100000000)
  eden space 589312K, 0% used [0x00000000d5580000,0x00000000d5580000,0x00000000f9500000)
  from space 54784K, 12% used [0x00000000f9500000,0x00000000f9b905e8,0x00000000fca80000)
  to   space 53248K, 0% used [0x00000000fcc00000,0x00000000fcc00000,0x0000000100000000)
 ParOldGen       total 310272K, used 85153K [0x0000000080000000, 0x0000000092f00000, 0x00000000d5580000)
  object space 310272K, 27% used [0x0000000080000000,0x00000000853286d8,0x0000000092f00000)
 Metaspace       used 133906K, capacity 139744K, committed 141592K, reserved 1171456K
  class space    used 17315K, capacity 18378K, committed 18728K, reserved 1048576K
}
Event: 6452.283 GC heap before
{Heap before GC invocations=34 (full 6):
 PSYoungGen      total 644096K, used 596033K [0x00000000d5580000, 0x0000000100000000, 0x0000000100000000)
  eden space 589312K, 100% used [0x00000000d5580000,0x00000000f9500000,0x00000000f9500000)
  from space 54784K, 12% used [0x00000000f9500000,0x00000000f9b905e8,0x00000000fca80000)
  to   space 53248K, 0% used [0x00000000fcc00000,0x00000000fcc00000,0x0000000100000000)
 ParOldGen       total 310272K, used 85153K [0x0000000080000000, 0x0000000092f00000, 0x00000000d5580000)
  object space 310272K, 27% used [0x0000000080000000,0x00000000853286d8,0x0000000092f00000)
 Metaspace       used 140042K, capacity 147258K, committed 147480K, reserved 1177600K
  class space    used 17920K, capacity 19176K, committed 19240K, reserved 1048576K
Event: 6452.315 GC heap after
Heap after GC invocations=34 (full 6):
 PSYoungGen      total 632320K, used 44319K [0x00000000d5580000, 0x0000000100000000, 0x0000000100000000)
  eden space 579072K, 0% used [0x00000000d5580000,0x00000000d5580000,0x00000000f8b00000)
  from space 53248K, 83% used [0x00000000fcc00000,0x00000000ff747f60,0x0000000100000000)
  to   space 59904K, 0% used [0x00000000f8b00000,0x00000000f8b00000,0x00000000fc580000)
 ParOldGen       total 310272K, used 87997K [0x0000000080000000, 0x0000000092f00000, 0x00000000d5580000)
  object space 310272K, 28% used [0x0000000080000000,0x00000000855ef718,0x0000000092f00000)
 Metaspace       used 140042K, capacity 147258K, committed 147480K, reserved 1177600K
  class space    used 17920K, capacity 19176K, committed 19240K, reserved 1048576K
}
Event: 8041.664 GC heap before
{Heap before GC invocations=35 (full 6):
 PSYoungGen      total 632320K, used 623391K [0x00000000d5580000, 0x0000000100000000, 0x0000000100000000)
  eden space 579072K, 100% used [0x00000000d5580000,0x00000000f8b00000,0x00000000f8b00000)
  from space 53248K, 83% used [0x00000000fcc00000,0x00000000ff747f60,0x0000000100000000)
  to   space 59904K, 0% used [0x00000000f8b00000,0x00000000f8b00000,0x00000000fc580000)
 ParOldGen       total 310272K, used 87997K [0x0000000080000000, 0x0000000092f00000, 0x00000000d5580000)
  object space 310272K, 28% used [0x0000000080000000,0x00000000855ef718,0x0000000092f00000)
 Metaspace       used 143085K, capacity 150846K, committed 150936K, reserved 1181696K
  class space    used 18271K, capacity 19592K, committed 19624K, reserved 1048576K
Event: 8041.699 GC heap after
Heap after GC invocations=35 (full 6):
 PSYoungGen      total 572416K, used 16432K [0x00000000d5580000, 0x00000000fe200000, 0x0000000100000000)
  eden space 555520K, 0% used [0x00000000d5580000,0x00000000d5580000,0x00000000f7400000)
  from space 16896K, 97% used [0x00000000f8b00000,0x00000000f9b0c240,0x00000000f9b80000)
  to   space 56320K, 0% used [0x00000000fab00000,0x00000000fab00000,0x00000000fe200000)
 ParOldGen       total 310272K, used 105470K [0x0000000080000000, 0x0000000092f00000, 0x00000000d5580000)
  object space 310272K, 33% used [0x0000000080000000,0x00000000866ffa08,0x0000000092f00000)
 Metaspace       used 143085K, capacity 150846K, committed 150936K, reserved 1181696K
  class space    used 18271K, capacity 19592K, committed 19624K, reserved 1048576K
}

